{"/Users/abhishekkalshetti/ai-assisted-software-engineering/ai-assisted-software-engineering/src/app.ts": {"path":"/Users/abhishekkalshetti/ai-assisted-software-engineering/ai-assisted-software-engineering/src/app.ts","statementMap":{"0":{"start":{"line":1,"column":0},"end":{"line":1,"column":24}},"1":{"start":{"line":2,"column":0},"end":{"line":2,"column":33}},"2":{"start":{"line":3,"column":0},"end":{"line":3,"column":96}},"3":{"start":{"line":4,"column":0},"end":{"line":4,"column":28}},"4":{"start":{"line":5,"column":0},"end":{"line":5,"column":28}},"5":{"start":{"line":7,"column":0},"end":{"line":7,"column":34}},"6":{"start":{"line":8,"column":0},"end":{"line":8,"column":43}},"7":{"start":{"line":9,"column":0},"end":{"line":9,"column":45}},"8":{"start":{"line":10,"column":0},"end":{"line":10,"column":66}},"9":{"start":{"line":11,"column":0},"end":{"line":11,"column":42}},"10":{"start":{"line":12,"column":0},"end":{"line":12,"column":59}},"11":{"start":{"line":13,"column":0},"end":{"line":13,"column":61}},"12":{"start":{"line":14,"column":0},"end":{"line":14,"column":55}},"13":{"start":{"line":15,"column":0},"end":{"line":15,"column":53}},"14":{"start":{"line":16,"column":0},"end":{"line":16,"column":59}},"15":{"start":{"line":18,"column":0},"end":{"line":18,"column":16}},"16":{"start":{"line":20,"column":21},"end":{"line":20,"column":30}},"17":{"start":{"line":22,"column":0},"end":{"line":22,"column":28}},"18":{"start":{"line":23,"column":0},"end":{"line":23,"column":18}},"19":{"start":{"line":24,"column":0},"end":{"line":24,"column":45}},"20":{"start":{"line":25,"column":0},"end":{"line":25,"column":28}},"21":{"start":{"line":26,"column":0},"end":{"line":26,"column":29}},"22":{"start":{"line":27,"column":0},"end":{"line":27,"column":21}},"23":{"start":{"line":28,"column":0},"end":{"line":28,"column":20}},"24":{"start":{"line":29,"column":0},"end":{"line":29,"column":23}},"25":{"start":{"line":32,"column":0},"end":{"line":37,"column":3}},"26":{"start":{"line":33,"column":2},"end":{"line":35,"column":3}},"27":{"start":{"line":34,"column":4},"end":{"line":34,"column":99}},"28":{"start":{"line":36,"column":2},"end":{"line":36,"column":16}},"29":{"start":{"line":39,"column":0},"end":{"line":39,"column":42}},"30":{"start":{"line":40,"column":0},"end":{"line":40,"column":48}},"31":{"start":{"line":43,"column":0},"end":{"line":50,"column":3}},"32":{"start":{"line":44,"column":2},"end":{"line":44,"column":36}},"33":{"start":{"line":45,"column":2},"end":{"line":49,"column":5}},"34":{"start":{"line":53,"column":0},"end":{"line":53,"column":40}},"35":{"start":{"line":54,"column":0},"end":{"line":54,"column":42}},"36":{"start":{"line":56,"column":0},"end":{"line":58,"column":3}},"37":{"start":{"line":57,"column":2},"end":{"line":57,"column":50}},"38":{"start":{"line":60,"column":0},"end":{"line":70,"column":3}},"39":{"start":{"line":61,"column":2},"end":{"line":69,"column":3}},"40":{"start":{"line":62,"column":4},"end":{"line":62,"column":40}},"41":{"start":{"line":63,"column":4},"end":{"line":63,"column":38}},"42":{"start":{"line":64,"column":15},"end":{"line":64,"column":78}},"43":{"start":{"line":65,"column":22},"end":{"line":65,"column":38}},"44":{"start":{"line":66,"column":4},"end":{"line":66,"column":43}},"45":{"start":{"line":68,"column":4},"end":{"line":68,"column":23}},"46":{"start":{"line":73,"column":0},"end":{"line":85,"column":3}},"47":{"start":{"line":74,"column":2},"end":{"line":84,"column":3}},"48":{"start":{"line":75,"column":4},"end":{"line":75,"column":39}},"49":{"start":{"line":76,"column":4},"end":{"line":76,"column":38}},"50":{"start":{"line":77,"column":15},"end":{"line":77,"column":78}},"51":{"start":{"line":78,"column":28},"end":{"line":78,"column":43}},"52":{"start":{"line":80,"column":4},"end":{"line":80,"column":47}},"53":{"start":{"line":81,"column":4},"end":{"line":81,"column":42}},"54":{"start":{"line":83,"column":4},"end":{"line":83,"column":23}},"55":{"start":{"line":88,"column":0},"end":{"line":90,"column":3}},"56":{"start":{"line":89,"column":2},"end":{"line":89,"column":47}},"57":{"start":{"line":93,"column":0},"end":{"line":106,"column":3}},"58":{"start":{"line":94,"column":2},"end":{"line":97,"column":3}},"59":{"start":{"line":95,"column":4},"end":{"line":95,"column":50}},"60":{"start":{"line":96,"column":4},"end":{"line":96,"column":67}},"61":{"start":{"line":100,"column":2},"end":{"line":102,"column":3}},"62":{"start":{"line":101,"column":4},"end":{"line":101,"column":68}},"63":{"start":{"line":104,"column":2},"end":{"line":104,"column":27}},"64":{"start":{"line":105,"column":2},"end":{"line":105,"column":66}},"65":{"start":{"line":108,"column":0},"end":{"line":108,"column":19}}},"fnMap":{"0":{"name":"(anonymous_10)","decl":{"start":{"line":32,"column":8},"end":{"line":32,"column":9}},"loc":{"start":{"line":32,"column":60},"end":{"line":37,"column":1}}},"1":{"name":"(anonymous_11)","decl":{"start":{"line":43,"column":13},"end":{"line":43,"column":14}},"loc":{"start":{"line":43,"column":46},"end":{"line":50,"column":1}}},"2":{"name":"(anonymous_12)","decl":{"start":{"line":56,"column":27},"end":{"line":56,"column":28}},"loc":{"start":{"line":56,"column":60},"end":{"line":58,"column":1}}},"3":{"name":"(anonymous_13)","decl":{"start":{"line":60,"column":33},"end":{"line":60,"column":34}},"loc":{"start":{"line":60,"column":85},"end":{"line":70,"column":1}}},"4":{"name":"(anonymous_14)","decl":{"start":{"line":73,"column":16},"end":{"line":73,"column":17}},"loc":{"start":{"line":73,"column":68},"end":{"line":85,"column":1}}},"5":{"name":"(anonymous_15)","decl":{"start":{"line":88,"column":8},"end":{"line":88,"column":9}},"loc":{"start":{"line":88,"column":41},"end":{"line":90,"column":1}}},"6":{"name":"(anonymous_16)","decl":{"start":{"line":93,"column":8},"end":{"line":93,"column":9}},"loc":{"start":{"line":93,"column":111},"end":{"line":106,"column":1}}}},"branchMap":{"0":{"loc":{"start":{"line":33,"column":2},"end":{"line":35,"column":3}},"type":"if","locations":[{"start":{"line":33,"column":2},"end":{"line":35,"column":3}},{"start":{},"end":{}}]},"1":{"loc":{"start":{"line":33,"column":6},"end":{"line":33,"column":92}},"type":"binary-expr","locations":[{"start":{"line":33,"column":6},"end":{"line":33,"column":27}},{"start":{"line":33,"column":31},"end":{"line":33,"column":61}},{"start":{"line":33,"column":65},"end":{"line":33,"column":92}}]},"2":{"loc":{"start":{"line":64,"column":15},"end":{"line":64,"column":78}},"type":"cond-expr","locations":[{"start":{"line":64,"column":46},"end":{"line":64,"column":62}},{"start":{"line":64,"column":65},"end":{"line":64,"column":78}}]},"3":{"loc":{"start":{"line":77,"column":15},"end":{"line":77,"column":78}},"type":"cond-expr","locations":[{"start":{"line":77,"column":46},"end":{"line":77,"column":62}},{"start":{"line":77,"column":65},"end":{"line":77,"column":78}}]},"4":{"loc":{"start":{"line":94,"column":2},"end":{"line":97,"column":3}},"type":"if","locations":[{"start":{"line":94,"column":2},"end":{"line":97,"column":3}},{"start":{},"end":{}}]},"5":{"loc":{"start":{"line":100,"column":2},"end":{"line":102,"column":3}},"type":"if","locations":[{"start":{"line":100,"column":2},"end":{"line":102,"column":3}},{"start":{},"end":{}}]},"6":{"loc":{"start":{"line":100,"column":6},"end":{"line":100,"column":62}},"type":"binary-expr","locations":[{"start":{"line":100,"column":6},"end":{"line":100,"column":24}},{"start":{"line":100,"column":28},"end":{"line":100,"column":62}}]}},"s":{"0":1,"1":1,"2":1,"3":1,"4":1,"5":1,"6":1,"7":1,"8":1,"9":1,"10":1,"11":1,"12":1,"13":1,"14":1,"15":1,"16":1,"17":1,"18":1,"19":1,"20":1,"21":1,"22":1,"23":1,"24":1,"25":1,"26":308,"27":1,"28":307,"29":1,"30":1,"31":1,"32":1,"33":1,"34":1,"35":1,"36":1,"37":4,"38":1,"39":4,"40":4,"41":4,"42":4,"43":4,"44":2,"45":2,"46":1,"47":11,"48":11,"49":11,"50":11,"51":11,"52":9,"53":9,"54":2,"55":1,"56":0,"57":1,"58":25,"59":24,"60":24,"61":1,"62":1,"63":0,"64":0,"65":1},"f":{"0":308,"1":1,"2":4,"3":4,"4":11,"5":0,"6":25},"b":{"0":[1,307],"1":[308,40,40],"2":[0,4],"3":[0,11],"4":[24,1],"5":[1,0],"6":[1,0]}}
,"/Users/abhishekkalshetti/ai-assisted-software-engineering/ai-assisted-software-engineering/src/config.ts": {"path":"/Users/abhishekkalshetti/ai-assisted-software-engineering/ai-assisted-software-engineering/src/config.ts","statementMap":{"0":{"start":{"line":1,"column":0},"end":{"line":1,"column":34}},"1":{"start":{"line":17,"column":2},"end":{"line":20,"column":3}},"2":{"start":{"line":18,"column":4},"end":{"line":18,"column":109}},"3":{"start":{"line":19,"column":4},"end":{"line":19,"column":20}},"4":{"start":{"line":21,"column":2},"end":{"line":21,"column":21}},"5":{"start":{"line":25,"column":18},"end":{"line":25,"column":55}},"6":{"start":{"line":26,"column":23},"end":{"line":26,"column":47}},"7":{"start":{"line":27,"column":15},"end":{"line":27,"column":47}},"8":{"start":{"line":29,"column":2},"end":{"line":32,"column":3}},"9":{"start":{"line":30,"column":4},"end":{"line":30,"column":92}},"10":{"start":{"line":31,"column":4},"end":{"line":31,"column":20}},"11":{"start":{"line":34,"column":25},"end":{"line":34,"column":51}},"12":{"start":{"line":35,"column":18},"end":{"line":35,"column":56}},"13":{"start":{"line":38,"column":2},"end":{"line":38,"column":70}},"14":{"start":{"line":40,"column":24},"end":{"line":40,"column":75}},"15":{"start":{"line":41,"column":17},"end":{"line":41,"column":53}},"16":{"start":{"line":43,"column":31},"end":{"line":43,"column":81}},"17":{"start":{"line":44,"column":28},"end":{"line":44,"column":78}},"18":{"start":{"line":48,"column":38},"end":{"line":48,"column":41}},"19":{"start":{"line":49,"column":2},"end":{"line":53,"column":3}},"20":{"start":{"line":50,"column":4},"end":{"line":50,"column":73}},"21":{"start":{"line":50,"column":63},"end":{"line":50,"column":71}},"22":{"start":{"line":51,"column":9},"end":{"line":53,"column":3}},"23":{"start":{"line":52,"column":4},"end":{"line":52,"column":73}},"24":{"start":{"line":52,"column":63},"end":{"line":52,"column":71}},"25":{"start":{"line":56,"column":19},"end":{"line":56,"column":40}},"26":{"start":{"line":59,"column":21},"end":{"line":59,"column":41}},"27":{"start":{"line":60,"column":18},"end":{"line":60,"column":85}},"28":{"start":{"line":60,"column":64},"end":{"line":60,"column":72}},"29":{"start":{"line":62,"column":2},"end":{"line":73,"column":4}},"30":{"start":{"line":76,"column":13},"end":{"line":76,"column":35}}},"fnMap":{"0":{"name":"requireInProduction","decl":{"start":{"line":16,"column":9},"end":{"line":16,"column":28}},"loc":{"start":{"line":16,"column":90},"end":{"line":22,"column":1}}},"1":{"name":"loadConfig","decl":{"start":{"line":24,"column":9},"end":{"line":24,"column":19}},"loc":{"start":{"line":24,"column":19},"end":{"line":74,"column":1}}},"2":{"name":"(anonymous_11)","decl":{"start":{"line":50,"column":56},"end":{"line":50,"column":57}},"loc":{"start":{"line":50,"column":63},"end":{"line":50,"column":71}}},"3":{"name":"(anonymous_12)","decl":{"start":{"line":52,"column":56},"end":{"line":52,"column":57}},"loc":{"start":{"line":52,"column":63},"end":{"line":52,"column":71}}},"4":{"name":"(anonymous_13)","decl":{"start":{"line":60,"column":57},"end":{"line":60,"column":58}},"loc":{"start":{"line":60,"column":64},"end":{"line":60,"column":72}}}},"branchMap":{"0":{"loc":{"start":{"line":17,"column":2},"end":{"line":20,"column":3}},"type":"if","locations":[{"start":{"line":17,"column":2},"end":{"line":20,"column":3}},{"start":{},"end":{}}]},"1":{"loc":{"start":{"line":17,"column":6},"end":{"line":17,"column":28}},"type":"binary-expr","locations":[{"start":{"line":17,"column":6},"end":{"line":17,"column":18}},{"start":{"line":17,"column":22},"end":{"line":17,"column":28}}]},"2":{"loc":{"start":{"line":21,"column":9},"end":{"line":21,"column":20}},"type":"binary-expr","locations":[{"start":{"line":21,"column":9},"end":{"line":21,"column":14}},{"start":{"line":21,"column":18},"end":{"line":21,"column":20}}]},"3":{"loc":{"start":{"line":25,"column":18},"end":{"line":25,"column":55}},"type":"binary-expr","locations":[{"start":{"line":25,"column":18},"end":{"line":25,"column":38}},{"start":{"line":25,"column":42},"end":{"line":25,"column":55}}]},"4":{"loc":{"start":{"line":27,"column":22},"end":{"line":27,"column":46}},"type":"binary-expr","locations":[{"start":{"line":27,"column":22},"end":{"line":27,"column":38}},{"start":{"line":27,"column":42},"end":{"line":27,"column":46}}]},"5":{"loc":{"start":{"line":29,"column":2},"end":{"line":32,"column":3}},"type":"if","locations":[{"start":{"line":29,"column":2},"end":{"line":32,"column":3}},{"start":{},"end":{}}]},"6":{"loc":{"start":{"line":29,"column":6},"end":{"line":29,"column":52}},"type":"binary-expr","locations":[{"start":{"line":29,"column":6},"end":{"line":29,"column":24}},{"start":{"line":29,"column":28},"end":{"line":29,"column":36}},{"start":{"line":29,"column":40},"end":{"line":29,"column":52}}]},"7":{"loc":{"start":{"line":35,"column":18},"end":{"line":35,"column":56}},"type":"binary-expr","locations":[{"start":{"line":35,"column":18},"end":{"line":35,"column":38}},{"start":{"line":35,"column":42},"end":{"line":35,"column":56}}]},"8":{"loc":{"start":{"line":41,"column":17},"end":{"line":41,"column":53}},"type":"binary-expr","locations":[{"start":{"line":41,"column":17},"end":{"line":41,"column":36}},{"start":{"line":41,"column":40},"end":{"line":41,"column":53}}]},"9":{"loc":{"start":{"line":43,"column":38},"end":{"line":43,"column":80}},"type":"binary-expr","locations":[{"start":{"line":43,"column":38},"end":{"line":43,"column":73}},{"start":{"line":43,"column":77},"end":{"line":43,"column":80}}]},"10":{"loc":{"start":{"line":44,"column":35},"end":{"line":44,"column":77}},"type":"binary-expr","locations":[{"start":{"line":44,"column":35},"end":{"line":44,"column":67}},{"start":{"line":44,"column":71},"end":{"line":44,"column":77}}]},"11":{"loc":{"start":{"line":49,"column":2},"end":{"line":53,"column":3}},"type":"if","locations":[{"start":{"line":49,"column":2},"end":{"line":53,"column":3}},{"start":{"line":51,"column":9},"end":{"line":53,"column":3}}]},"12":{"loc":{"start":{"line":49,"column":6},"end":{"line":49,"column":45}},"type":"binary-expr","locations":[{"start":{"line":49,"column":6},"end":{"line":49,"column":18}},{"start":{"line":49,"column":22},"end":{"line":49,"column":45}}]},"13":{"loc":{"start":{"line":51,"column":9},"end":{"line":53,"column":3}},"type":"if","locations":[{"start":{"line":51,"column":9},"end":{"line":53,"column":3}},{"start":{},"end":{}}]},"14":{"loc":{"start":{"line":51,"column":13},"end":{"line":51,"column":53}},"type":"binary-expr","locations":[{"start":{"line":51,"column":13},"end":{"line":51,"column":26}},{"start":{"line":51,"column":30},"end":{"line":51,"column":53}}]},"15":{"loc":{"start":{"line":60,"column":18},"end":{"line":60,"column":85}},"type":"cond-expr","locations":[{"start":{"line":60,"column":31},"end":{"line":60,"column":73}},{"start":{"line":60,"column":76},"end":{"line":60,"column":85}}]}},"s":{"0":1,"1":1,"2":0,"3":0,"4":1,"5":1,"6":1,"7":1,"8":1,"9":0,"10":0,"11":1,"12":1,"13":1,"14":1,"15":1,"16":1,"17":1,"18":1,"19":1,"20":0,"21":0,"22":1,"23":0,"24":0,"25":1,"26":1,"27":1,"28":0,"29":1,"30":1},"f":{"0":1,"1":1,"2":0,"3":0,"4":0},"b":{"0":[0,1],"1":[1,0],"2":[1,1],"3":[1,0],"4":[1,1],"5":[0,1],"6":[1,1,1],"7":[1,1],"8":[1,1],"9":[1,1],"10":[1,1],"11":[0,1],"12":[1,0],"13":[0,1],"14":[1,1],"15":[0,1]}}
,"/Users/abhishekkalshetti/ai-assisted-software-engineering/ai-assisted-software-engineering/src/database/db.ts": {"path":"/Users/abhishekkalshetti/ai-assisted-software-engineering/ai-assisted-software-engineering/src/database/db.ts","statementMap":{"0":{"start":{"line":53,"column":0},"end":{"line":53,"column":16}},"1":{"start":{"line":58,"column":0},"end":{"line":58,"column":16}},"2":{"start":{"line":96,"column":0},"end":{"line":96,"column":16}},"3":{"start":{"line":108,"column":0},"end":{"line":108,"column":16}},"4":{"start":{"line":112,"column":0},"end":{"line":112,"column":16}},"5":{"start":{"line":1,"column":0},"end":{"line":1,"column":30}},"6":{"start":{"line":2,"column":0},"end":{"line":2,"column":34}},"7":{"start":{"line":3,"column":0},"end":{"line":3,"column":38}},"8":{"start":{"line":4,"column":0},"end":{"line":4,"column":35}},"9":{"start":{"line":6,"column":14},"end":{"line":6,"column":41}},"10":{"start":{"line":8,"column":0},"end":{"line":8,"column":41}},"11":{"start":{"line":10,"column":11},"end":{"line":10,"column":64}},"12":{"start":{"line":13,"column":0},"end":{"line":13,"column":32}},"13":{"start":{"line":14,"column":0},"end":{"line":14,"column":34}},"14":{"start":{"line":15,"column":0},"end":{"line":15,"column":33}},"15":{"start":{"line":16,"column":0},"end":{"line":16,"column":33}},"16":{"start":{"line":17,"column":0},"end":{"line":17,"column":35}},"17":{"start":{"line":18,"column":0},"end":{"line":18,"column":31}},"18":{"start":{"line":21,"column":0},"end":{"line":30,"column":3}},"19":{"start":{"line":33,"column":17},"end":{"line":33,"column":93}},"20":{"start":{"line":33,"column":86},"end":{"line":33,"column":92}},"21":{"start":{"line":34,"column":0},"end":{"line":36,"column":1}},"22":{"start":{"line":35,"column":2},"end":{"line":35,"column":57}},"23":{"start":{"line":39,"column":0},"end":{"line":39,"column":79}},"24":{"start":{"line":42,"column":2},"end":{"line":42,"column":48}},"25":{"start":{"line":54,"column":14},"end":{"line":54,"column":69}},"26":{"start":{"line":55,"column":2},"end":{"line":55,"column":27}},"27":{"start":{"line":63,"column":13},"end":{"line":63,"column":41}},"28":{"start":{"line":65,"column":2},"end":{"line":72,"column":3}},"29":{"start":{"line":67,"column":19},"end":{"line":68,"column":null}},"30":{"start":{"line":70,"column":4},"end":{"line":70,"column":59}},"31":{"start":{"line":71,"column":4},"end":{"line":71,"column":86}},"32":{"start":{"line":75,"column":18},"end":{"line":75,"column":20}},"33":{"start":{"line":76,"column":2},"end":{"line":93,"column":3}},"34":{"start":{"line":77,"column":4},"end":{"line":92,"column":5}},"35":{"start":{"line":78,"column":21},"end":{"line":79,"column":null}},"36":{"start":{"line":81,"column":26},"end":{"line":83,"column":8}},"37":{"start":{"line":82,"column":8},"end":{"line":82,"column":70}},"38":{"start":{"line":84,"column":6},"end":{"line":84,"column":20}},"39":{"start":{"line":85,"column":6},"end":{"line":85,"column":106}},"40":{"start":{"line":87,"column":6},"end":{"line":90,"column":7}},"41":{"start":{"line":88,"column":8},"end":{"line":88,"column":33}},"42":{"start":{"line":89,"column":8},"end":{"line":89,"column":17}},"43":{"start":{"line":91,"column":6},"end":{"line":91,"column":18}},"44":{"start":{"line":97,"column":14},"end":{"line":99,"column":79}},"45":{"start":{"line":101,"column":2},"end":{"line":103,"column":3}},"46":{"start":{"line":102,"column":4},"end":{"line":102,"column":21}},"47":{"start":{"line":105,"column":2},"end":{"line":105,"column":78}},"48":{"start":{"line":109,"column":2},"end":{"line":109,"column":83}},"49":{"start":{"line":113,"column":14},"end":{"line":115,"column":null}},"50":{"start":{"line":123,"column":2},"end":{"line":125,"column":3}},"51":{"start":{"line":124,"column":4},"end":{"line":124,"column":21}},"52":{"start":{"line":127,"column":2},"end":{"line":133,"column":4}},"53":{"start":{"line":136,"column":13},"end":{"line":136,"column":55}},"54":{"start":{"line":137,"column":34},"end":{"line":140,"column":1}},"55":{"start":{"line":138,"column":17},"end":{"line":138,"column":45}},"56":{"start":{"line":139,"column":2},"end":{"line":139,"column":29}},"57":{"start":{"line":137,"column":13},"end":{"line":137,"column":34}},"58":{"start":{"line":141,"column":30},"end":{"line":146,"column":53}},"59":{"start":{"line":146,"column":2},"end":{"line":146,"column":53}},"60":{"start":{"line":141,"column":13},"end":{"line":141,"column":30}}},"fnMap":{"0":{"name":"(anonymous_10)","decl":{"start":{"line":33,"column":79},"end":{"line":33,"column":80}},"loc":{"start":{"line":33,"column":86},"end":{"line":33,"column":92}}},"1":{"name":"generateId","decl":{"start":{"line":41,"column":9},"end":{"line":41,"column":19}},"loc":{"start":{"line":41,"column":19},"end":{"line":43,"column":1}}},"2":{"name":"slugExists","decl":{"start":{"line":53,"column":16},"end":{"line":53,"column":26}},"loc":{"start":{"line":53,"column":39},"end":{"line":56,"column":1}}},"3":{"name":"createShortUrlRecord","decl":{"start":{"line":58,"column":16},"end":{"line":58,"column":36}},"loc":{"start":{"line":61,"column":53},"end":{"line":94,"column":1}}},"4":{"name":"(anonymous_14)","decl":{"start":{"line":81,"column":41},"end":{"line":81,"column":44}},"loc":{"start":{"line":81,"column":46},"end":{"line":83,"column":7}}},"5":{"name":"getOriginalUrlRecordById","decl":{"start":{"line":96,"column":16},"end":{"line":96,"column":40}},"loc":{"start":{"line":96,"column":51},"end":{"line":106,"column":1}}},"6":{"name":"incrementClickCount","decl":{"start":{"line":108,"column":16},"end":{"line":108,"column":35}},"loc":{"start":{"line":108,"column":46},"end":{"line":110,"column":1}}},"7":{"name":"getAnalyticsRecordById","decl":{"start":{"line":112,"column":16},"end":{"line":112,"column":38}},"loc":{"start":{"line":112,"column":49},"end":{"line":134,"column":1}}},"8":{"name":"(anonymous_18)","decl":{"start":{"line":137,"column":34},"end":{"line":137,"column":35}},"loc":{"start":{"line":137,"column":69},"end":{"line":140,"column":1}}},"9":{"name":"(anonymous_19)","decl":{"start":{"line":141,"column":30},"end":{"line":141,"column":null}},"loc":{"start":{"line":146,"column":2},"end":{"line":146,"column":53}}}},"branchMap":{"0":{"loc":{"start":{"line":34,"column":0},"end":{"line":36,"column":1}},"type":"if","locations":[{"start":{"line":34,"column":0},"end":{"line":36,"column":1}},{"start":{},"end":{}}]},"1":{"loc":{"start":{"line":61,"column":2},"end":{"line":61,"column":53}},"type":"default-arg","locations":[{"start":{"line":61,"column":51},"end":{"line":61,"column":53}}]},"2":{"loc":{"start":{"line":63,"column":13},"end":{"line":63,"column":41}},"type":"binary-expr","locations":[{"start":{"line":63,"column":13},"end":{"line":63,"column":25}},{"start":{"line":63,"column":29},"end":{"line":63,"column":41}}]},"3":{"loc":{"start":{"line":65,"column":2},"end":{"line":72,"column":3}},"type":"if","locations":[{"start":{"line":65,"column":2},"end":{"line":72,"column":3}},{"start":{},"end":{}}]},"4":{"loc":{"start":{"line":70,"column":32},"end":{"line":70,"column":57}},"type":"binary-expr","locations":[{"start":{"line":70,"column":32},"end":{"line":70,"column":49}},{"start":{"line":70,"column":53},"end":{"line":70,"column":57}}]},"5":{"loc":{"start":{"line":71,"column":58},"end":{"line":71,"column":83}},"type":"binary-expr","locations":[{"start":{"line":71,"column":58},"end":{"line":71,"column":75}},{"start":{"line":71,"column":79},"end":{"line":71,"column":83}}]},"6":{"loc":{"start":{"line":82,"column":43},"end":{"line":82,"column":68}},"type":"binary-expr","locations":[{"start":{"line":82,"column":43},"end":{"line":82,"column":60}},{"start":{"line":82,"column":64},"end":{"line":82,"column":68}}]},"7":{"loc":{"start":{"line":85,"column":78},"end":{"line":85,"column":103}},"type":"binary-expr","locations":[{"start":{"line":85,"column":78},"end":{"line":85,"column":95}},{"start":{"line":85,"column":99},"end":{"line":85,"column":103}}]},"8":{"loc":{"start":{"line":87,"column":6},"end":{"line":90,"column":7}},"type":"if","locations":[{"start":{"line":87,"column":6},"end":{"line":90,"column":7}},{"start":{},"end":{}}]},"9":{"loc":{"start":{"line":87,"column":10},"end":{"line":87,"column":68}},"type":"binary-expr","locations":[{"start":{"line":87,"column":10},"end":{"line":87,"column":32}},{"start":{"line":87,"column":36},"end":{"line":87,"column":68}}]},"10":{"loc":{"start":{"line":101,"column":2},"end":{"line":103,"column":3}},"type":"if","locations":[{"start":{"line":101,"column":2},"end":{"line":103,"column":3}},{"start":{},"end":{}}]},"11":{"loc":{"start":{"line":105,"column":53},"end":{"line":105,"column":75}},"type":"binary-expr","locations":[{"start":{"line":105,"column":53},"end":{"line":105,"column":67}},{"start":{"line":105,"column":71},"end":{"line":105,"column":75}}]},"12":{"loc":{"start":{"line":123,"column":2},"end":{"line":125,"column":3}},"type":"if","locations":[{"start":{"line":123,"column":2},"end":{"line":125,"column":3}},{"start":{},"end":{}}]},"13":{"loc":{"start":{"line":132,"column":15},"end":{"line":132,"column":37}},"type":"binary-expr","locations":[{"start":{"line":132,"column":15},"end":{"line":132,"column":29}},{"start":{"line":132,"column":33},"end":{"line":132,"column":37}}]}},"s":{"0":1,"1":1,"2":1,"3":1,"4":1,"5":1,"6":1,"7":1,"8":1,"9":1,"10":1,"11":1,"12":1,"13":1,"14":1,"15":1,"16":1,"17":1,"18":1,"19":1,"20":5,"21":1,"22":0,"23":1,"24":14,"25":6,"26":6,"27":18,"28":18,"29":4,"30":4,"31":4,"32":14,"33":14,"34":14,"35":14,"36":14,"37":14,"38":14,"39":14,"40":0,"41":0,"42":0,"43":0,"44":11,"45":11,"46":1,"47":10,"48":9,"49":5,"50":5,"51":2,"52":3,"53":1,"54":1,"55":0,"56":0,"57":1,"58":1,"59":0,"60":1},"f":{"0":5,"1":14,"2":6,"3":18,"4":14,"5":11,"6":9,"7":5,"8":0,"9":0},"b":{"0":[0,1],"1":[0],"2":[18,14],"3":[4,14],"4":[4,3],"5":[4,3],"6":[14,12],"7":[14,12],"8":[0,0],"9":[0,0],"10":[1,10],"11":[10,9],"12":[2,3],"13":[3,3]}}
,"/Users/abhishekkalshetti/ai-assisted-software-engineering/ai-assisted-software-engineering/src/middleware/apiKeyAuth.ts": {"path":"/Users/abhishekkalshetti/ai-assisted-software-engineering/ai-assisted-software-engineering/src/middleware/apiKeyAuth.ts","statementMap":{"0":{"start":{"line":19,"column":0},"end":{"line":19,"column":16}},"1":{"start":{"line":2,"column":0},"end":{"line":2,"column":35}},"2":{"start":{"line":14,"column":36},"end":{"line":17,"column":2}},"3":{"start":{"line":21,"column":2},"end":{"line":23,"column":3}},"4":{"start":{"line":22,"column":4},"end":{"line":22,"column":18}},"5":{"start":{"line":26,"column":2},"end":{"line":28,"column":3}},"6":{"start":{"line":27,"column":4},"end":{"line":27,"column":18}},"7":{"start":{"line":31,"column":2},"end":{"line":33,"column":3}},"8":{"start":{"line":32,"column":4},"end":{"line":32,"column":18}},"9":{"start":{"line":35,"column":17},"end":{"line":35,"column":63}},"10":{"start":{"line":37,"column":2},"end":{"line":40,"column":3}},"11":{"start":{"line":38,"column":4},"end":{"line":38,"column":64}},"12":{"start":{"line":39,"column":4},"end":{"line":39,"column":11}},"13":{"start":{"line":43,"column":20},"end":{"line":43,"column":34}},"14":{"start":{"line":44,"column":2},"end":{"line":47,"column":3}},"15":{"start":{"line":46,"column":4},"end":{"line":46,"column":18}},"16":{"start":{"line":49,"column":2},"end":{"line":52,"column":3}},"17":{"start":{"line":50,"column":4},"end":{"line":50,"column":55}},"18":{"start":{"line":51,"column":4},"end":{"line":51,"column":11}},"19":{"start":{"line":54,"column":2},"end":{"line":54,"column":22}},"20":{"start":{"line":55,"column":2},"end":{"line":55,"column":9}}},"fnMap":{"0":{"name":"apiKeyAuth","decl":{"start":{"line":19,"column":16},"end":{"line":19,"column":26}},"loc":{"start":{"line":19,"column":87},"end":{"line":56,"column":1}}}},"branchMap":{"0":{"loc":{"start":{"line":21,"column":2},"end":{"line":23,"column":3}},"type":"if","locations":[{"start":{"line":21,"column":2},"end":{"line":23,"column":3}},{"start":{},"end":{}}]},"1":{"loc":{"start":{"line":26,"column":2},"end":{"line":28,"column":3}},"type":"if","locations":[{"start":{"line":26,"column":2},"end":{"line":28,"column":3}},{"start":{},"end":{}}]},"2":{"loc":{"start":{"line":31,"column":2},"end":{"line":33,"column":3}},"type":"if","locations":[{"start":{"line":31,"column":2},"end":{"line":33,"column":3}},{"start":{},"end":{}}]},"3":{"loc":{"start":{"line":31,"column":6},"end":{"line":31,"column":61}},"type":"binary-expr","locations":[{"start":{"line":31,"column":6},"end":{"line":31,"column":26}},{"start":{"line":31,"column":30},"end":{"line":31,"column":61}}]},"4":{"loc":{"start":{"line":37,"column":2},"end":{"line":40,"column":3}},"type":"if","locations":[{"start":{"line":37,"column":2},"end":{"line":40,"column":3}},{"start":{},"end":{}}]},"5":{"loc":{"start":{"line":44,"column":2},"end":{"line":47,"column":3}},"type":"if","locations":[{"start":{"line":44,"column":2},"end":{"line":47,"column":3}},{"start":{},"end":{}}]},"6":{"loc":{"start":{"line":44,"column":6},"end":{"line":44,"column":42}},"type":"binary-expr","locations":[{"start":{"line":44,"column":6},"end":{"line":44,"column":16}},{"start":{"line":44,"column":20},"end":{"line":44,"column":42}}]},"7":{"loc":{"start":{"line":49,"column":2},"end":{"line":52,"column":3}},"type":"if","locations":[{"start":{"line":49,"column":2},"end":{"line":52,"column":3}},{"start":{},"end":{}}]}},"s":{"0":1,"1":1,"2":1,"3":308,"4":308,"5":0,"6":0,"7":0,"8":0,"9":0,"10":0,"11":0,"12":0,"13":0,"14":0,"15":0,"16":0,"17":0,"18":0,"19":0,"20":0},"f":{"0":308},"b":{"0":[308,0],"1":[0,0],"2":[0,0],"3":[0,0],"4":[0,0],"5":[0,0],"6":[0,0],"7":[0,0]}}
,"/Users/abhishekkalshetti/ai-assisted-software-engineering/ai-assisted-software-engineering/src/middleware/rateLimiter.ts": {"path":"/Users/abhishekkalshetti/ai-assisted-software-engineering/ai-assisted-software-engineering/src/middleware/rateLimiter.ts","statementMap":{"0":{"start":{"line":6,"column":0},"end":{"line":6,"column":16}},"1":{"start":{"line":28,"column":0},"end":{"line":28,"column":16}},"2":{"start":{"line":2,"column":0},"end":{"line":2,"column":35}},"3":{"start":{"line":4,"column":16},"end":{"line":4,"column":73}},"4":{"start":{"line":7,"column":79},"end":{"line":7,"column":85}},"5":{"start":{"line":8,"column":21},"end":{"line":8,"column":40}},"6":{"start":{"line":9,"column":14},"end":{"line":9,"column":24}},"7":{"start":{"line":10,"column":17},"end":{"line":10,"column":40}},"8":{"start":{"line":12,"column":2},"end":{"line":16,"column":3}},"9":{"start":{"line":13,"column":4},"end":{"line":13,"column":60}},"10":{"start":{"line":14,"column":4},"end":{"line":14,"column":11}},"11":{"start":{"line":15,"column":4},"end":{"line":15,"column":11}},"12":{"start":{"line":18,"column":2},"end":{"line":22,"column":3}},"13":{"start":{"line":19,"column":4},"end":{"line":19,"column":98}},"14":{"start":{"line":20,"column":4},"end":{"line":20,"column":58}},"15":{"start":{"line":21,"column":4},"end":{"line":21,"column":11}},"16":{"start":{"line":24,"column":2},"end":{"line":24,"column":20}},"17":{"start":{"line":25,"column":2},"end":{"line":25,"column":9}},"18":{"start":{"line":29,"column":2},"end":{"line":29,"column":18}}},"fnMap":{"0":{"name":"rateLimiter","decl":{"start":{"line":6,"column":16},"end":{"line":6,"column":27}},"loc":{"start":{"line":6,"column":75},"end":{"line":26,"column":1}}},"1":{"name":"resetRateLimiter","decl":{"start":{"line":28,"column":16},"end":{"line":28,"column":32}},"loc":{"start":{"line":28,"column":32},"end":{"line":30,"column":1}}}},"branchMap":{"0":{"loc":{"start":{"line":8,"column":21},"end":{"line":8,"column":40}},"type":"binary-expr","locations":[{"start":{"line":8,"column":21},"end":{"line":8,"column":27}},{"start":{"line":8,"column":31},"end":{"line":8,"column":40}}]},"1":{"loc":{"start":{"line":12,"column":2},"end":{"line":16,"column":3}},"type":"if","locations":[{"start":{"line":12,"column":2},"end":{"line":16,"column":3}},{"start":{},"end":{}}]},"2":{"loc":{"start":{"line":12,"column":6},"end":{"line":12,"column":54}},"type":"binary-expr","locations":[{"start":{"line":12,"column":6},"end":{"line":12,"column":13}},{"start":{"line":12,"column":17},"end":{"line":12,"column":54}}]},"3":{"loc":{"start":{"line":18,"column":2},"end":{"line":22,"column":3}},"type":"if","locations":[{"start":{"line":18,"column":2},"end":{"line":22,"column":3}},{"start":{},"end":{}}]}},"s":{"0":1,"1":1,"2":1,"3":1,"4":330,"5":330,"6":330,"7":330,"8":330,"9":53,"10":53,"11":53,"12":277,"13":22,"14":22,"15":22,"16":255,"17":255,"18":54},"f":{"0":330,"1":54},"b":{"0":[330,0],"1":[53,277],"2":[330,277],"3":[22,255]}}
,"/Users/abhishekkalshetti/ai-assisted-software-engineering/ai-assisted-software-engineering/src/middleware/requestId.ts": {"path":"/Users/abhishekkalshetti/ai-assisted-software-engineering/ai-assisted-software-engineering/src/middleware/requestId.ts","statementMap":{"0":{"start":{"line":4,"column":0},"end":{"line":4,"column":16}},"1":{"start":{"line":2,"column":0},"end":{"line":2,"column":41}},"2":{"start":{"line":5,"column":20},"end":{"line":5,"column":75}},"3":{"start":{"line":6,"column":2},"end":{"line":6,"column":42}},"4":{"start":{"line":7,"column":2},"end":{"line":7,"column":43}},"5":{"start":{"line":8,"column":2},"end":{"line":8,"column":9}}},"fnMap":{"0":{"name":"requestIdMiddleware","decl":{"start":{"line":4,"column":16},"end":{"line":4,"column":35}},"loc":{"start":{"line":4,"column":83},"end":{"line":9,"column":1}}}},"branchMap":{"0":{"loc":{"start":{"line":5,"column":20},"end":{"line":5,"column":75}},"type":"binary-expr","locations":[{"start":{"line":5,"column":20},"end":{"line":5,"column":59}},{"start":{"line":5,"column":63},"end":{"line":5,"column":75}}]}},"s":{"0":1,"1":1,"2":330,"3":330,"4":330,"5":330},"f":{"0":330},"b":{"0":[330,329]}}
,"/Users/abhishekkalshetti/ai-assisted-software-engineering/ai-assisted-software-engineering/src/middleware/requestLogger.ts": {"path":"/Users/abhishekkalshetti/ai-assisted-software-engineering/ai-assisted-software-engineering/src/middleware/requestLogger.ts","statementMap":{"0":{"start":{"line":4,"column":0},"end":{"line":4,"column":16}},"1":{"start":{"line":2,"column":0},"end":{"line":2,"column":35}},"2":{"start":{"line":5,"column":20},"end":{"line":5,"column":30}},"3":{"start":{"line":7,"column":2},"end":{"line":27,"column":5}},"4":{"start":{"line":8,"column":23},"end":{"line":8,"column":45}},"5":{"start":{"line":9,"column":22},"end":{"line":9,"column":73}},"6":{"start":{"line":11,"column":4},"end":{"line":26,"column":5}},"7":{"start":{"line":13,"column":6},"end":{"line":22,"column":10}},"8":{"start":{"line":25,"column":6},"end":{"line":25,"column":99}},"9":{"start":{"line":29,"column":2},"end":{"line":29,"column":9}}},"fnMap":{"0":{"name":"requestLogger","decl":{"start":{"line":4,"column":16},"end":{"line":4,"column":29}},"loc":{"start":{"line":4,"column":77},"end":{"line":30,"column":1}}},"1":{"name":"(anonymous_1)","decl":{"start":{"line":7,"column":19},"end":{"line":7,"column":22}},"loc":{"start":{"line":7,"column":24},"end":{"line":27,"column":3}}}},"branchMap":{"0":{"loc":{"start":{"line":11,"column":4},"end":{"line":26,"column":5}},"type":"if","locations":[{"start":{"line":11,"column":4},"end":{"line":26,"column":5}},{"start":{"line":23,"column":11},"end":{"line":26,"column":5}}]},"1":{"loc":{"start":{"line":14,"column":15},"end":{"line":14,"column":88}},"type":"cond-expr","locations":[{"start":{"line":14,"column":39},"end":{"line":14,"column":46}},{"start":{"line":14,"column":49},"end":{"line":14,"column":88}}]},"2":{"loc":{"start":{"line":14,"column":49},"end":{"line":14,"column":88}},"type":"cond-expr","locations":[{"start":{"line":14,"column":73},"end":{"line":14,"column":79}},{"start":{"line":14,"column":82},"end":{"line":14,"column":88}}]}},"s":{"0":1,"1":1,"2":308,"3":308,"4":308,"5":308,"6":308,"7":0,"8":308,"9":308},"f":{"0":308,"1":308},"b":{"0":[0,308],"1":[0,0],"2":[0,0]}}
,"/Users/abhishekkalshetti/ai-assisted-software-engineering/ai-assisted-software-engineering/src/routes/health.ts": {"path":"/Users/abhishekkalshetti/ai-assisted-software-engineering/ai-assisted-software-engineering/src/routes/health.ts","statementMap":{"0":{"start":{"line":1,"column":0},"end":{"line":1,"column":62}},"1":{"start":{"line":2,"column":0},"end":{"line":2,"column":60}},"2":{"start":{"line":4,"column":15},"end":{"line":4,"column":23}},"3":{"start":{"line":6,"column":0},"end":{"line":15,"column":3}},"4":{"start":{"line":7,"column":2},"end":{"line":7,"column":35}},"5":{"start":{"line":8,"column":2},"end":{"line":8,"column":36}},"6":{"start":{"line":9,"column":2},"end":{"line":14,"column":5}},"7":{"start":{"line":17,"column":0},"end":{"line":17,"column":22}}},"fnMap":{"0":{"name":"(anonymous_0)","decl":{"start":{"line":6,"column":16},"end":{"line":6,"column":17}},"loc":{"start":{"line":6,"column":49},"end":{"line":15,"column":1}}}},"branchMap":{},"s":{"0":1,"1":1,"2":1,"3":1,"4":248,"5":248,"6":248,"7":1},"f":{"0":248},"b":{}}
,"/Users/abhishekkalshetti/ai-assisted-software-engineering/ai-assisted-software-engineering/src/routes/shorten.ts": {"path":"/Users/abhishekkalshetti/ai-assisted-software-engineering/ai-assisted-software-engineering/src/routes/shorten.ts","statementMap":{"0":{"start":{"line":1,"column":0},"end":{"line":1,"column":81}},"1":{"start":{"line":3,"column":0},"end":{"line":3,"column":52}},"2":{"start":{"line":4,"column":0},"end":{"line":4,"column":60}},"3":{"start":{"line":5,"column":0},"end":{"line":5,"column":35}},"4":{"start":{"line":7,"column":15},"end":{"line":7,"column":23}},"5":{"start":{"line":9,"column":0},"end":{"line":23,"column":3}},"6":{"start":{"line":10,"column":2},"end":{"line":22,"column":3}},"7":{"start":{"line":11,"column":4},"end":{"line":11,"column":38}},"8":{"start":{"line":12,"column":4},"end":{"line":12,"column":38}},"9":{"start":{"line":13,"column":4},"end":{"line":15,"column":5}},"10":{"start":{"line":14,"column":6},"end":{"line":14,"column":81}},"11":{"start":{"line":16,"column":37},"end":{"line":16,"column":100}},"12":{"start":{"line":17,"column":19},"end":{"line":17,"column":77}},"13":{"start":{"line":19,"column":4},"end":{"line":19,"column":40}},"14":{"start":{"line":21,"column":4},"end":{"line":21,"column":23}},"15":{"start":{"line":25,"column":0},"end":{"line":25,"column":22}}},"fnMap":{"0":{"name":"(anonymous_0)","decl":{"start":{"line":9,"column":17},"end":{"line":9,"column":18}},"loc":{"start":{"line":9,"column":69},"end":{"line":23,"column":1}}}},"branchMap":{"0":{"loc":{"start":{"line":13,"column":4},"end":{"line":15,"column":5}},"type":"if","locations":[{"start":{"line":13,"column":4},"end":{"line":15,"column":5}},{"start":{},"end":{}}]},"1":{"loc":{"start":{"line":13,"column":8},"end":{"line":13,"column":49}},"type":"binary-expr","locations":[{"start":{"line":13,"column":8},"end":{"line":13,"column":17}},{"start":{"line":13,"column":21},"end":{"line":13,"column":49}}]},"2":{"loc":{"start":{"line":17,"column":30},"end":{"line":17,"column":39}},"type":"binary-expr","locations":[{"start":{"line":17,"column":30},"end":{"line":17,"column":33}},{"start":{"line":17,"column":37},"end":{"line":17,"column":39}}]}},"s":{"0":1,"1":1,"2":1,"3":1,"4":1,"5":1,"6":38,"7":38,"8":38,"9":38,"10":0,"11":38,"12":38,"13":18,"14":20,"15":1},"f":{"0":38},"b":{"0":[0,38],"1":[38,38],"2":[38,2]}}
,"/Users/abhishekkalshetti/ai-assisted-software-engineering/ai-assisted-software-engineering/src/services/metricsService.ts": {"path":"/Users/abhishekkalshetti/ai-assisted-software-engineering/ai-assisted-software-engineering/src/services/metricsService.ts","statementMap":{"0":{"start":{"line":12,"column":32},"end":{"line":12,"column":42}},"1":{"start":{"line":13,"column":25},"end":{"line":13,"column":26}},"2":{"start":{"line":14,"column":24},"end":{"line":14,"column":25}},"3":{"start":{"line":15,"column":25},"end":{"line":15,"column":26}},"4":{"start":{"line":16,"column":26},"end":{"line":16,"column":27}},"5":{"start":{"line":17,"column":27},"end":{"line":17,"column":28}},"6":{"start":{"line":20,"column":4},"end":{"line":20,"column":27}},"7":{"start":{"line":24,"column":4},"end":{"line":24,"column":26}},"8":{"start":{"line":28,"column":4},"end":{"line":28,"column":27}},"9":{"start":{"line":32,"column":4},"end":{"line":32,"column":28}},"10":{"start":{"line":36,"column":4},"end":{"line":36,"column":29}},"11":{"start":{"line":40,"column":4},"end":{"line":40,"column":41}},"12":{"start":{"line":44,"column":4},"end":{"line":52,"column":6}},"13":{"start":{"line":56,"column":13},"end":{"line":56,"column":51}}},"fnMap":{"0":{"name":"(anonymous_0)","decl":{"start":{"line":19,"column":9},"end":{"line":19,"column":25}},"loc":{"start":{"line":19,"column":25},"end":{"line":21,"column":3}}},"1":{"name":"(anonymous_1)","decl":{"start":{"line":23,"column":9},"end":{"line":23,"column":24}},"loc":{"start":{"line":23,"column":24},"end":{"line":25,"column":3}}},"2":{"name":"(anonymous_2)","decl":{"start":{"line":27,"column":9},"end":{"line":27,"column":25}},"loc":{"start":{"line":27,"column":25},"end":{"line":29,"column":3}}},"3":{"name":"(anonymous_3)","decl":{"start":{"line":31,"column":9},"end":{"line":31,"column":26}},"loc":{"start":{"line":31,"column":26},"end":{"line":33,"column":3}}},"4":{"name":"(anonymous_4)","decl":{"start":{"line":35,"column":9},"end":{"line":35,"column":27}},"loc":{"start":{"line":35,"column":27},"end":{"line":37,"column":3}}},"5":{"name":"(anonymous_5)","decl":{"start":{"line":39,"column":9},"end":{"line":39,"column":18}},"loc":{"start":{"line":39,"column":18},"end":{"line":41,"column":3}}},"6":{"name":"(anonymous_6)","decl":{"start":{"line":43,"column":9},"end":{"line":43,"column":17}},"loc":{"start":{"line":43,"column":17},"end":{"line":53,"column":3}}}},"branchMap":{},"s":{"0":1,"1":1,"2":1,"3":1,"4":1,"5":1,"6":302,"7":248,"8":38,"9":11,"10":4,"11":248,"12":4,"13":1},"f":{"0":302,"1":248,"2":38,"3":11,"4":4,"5":248,"6":4},"b":{}}
,"/Users/abhishekkalshetti/ai-assisted-software-engineering/ai-assisted-software-engineering/src/services/urlService.ts": {"path":"/Users/abhishekkalshetti/ai-assisted-software-engineering/ai-assisted-software-engineering/src/services/urlService.ts","statementMap":{"0":{"start":{"line":69,"column":0},"end":{"line":69,"column":16}},"1":{"start":{"line":98,"column":0},"end":{"line":98,"column":16}},"2":{"start":{"line":117,"column":0},"end":{"line":117,"column":16}},"3":{"start":{"line":1,"column":0},"end":{"line":1,"column":null}},"4":{"start":{"line":8,"column":0},"end":{"line":8,"column":91}},"5":{"start":{"line":10,"column":23},"end":{"line":10,"column":27}},"6":{"start":{"line":11,"column":24},"end":{"line":11,"column":26}},"7":{"start":{"line":12,"column":19},"end":{"line":12,"column":34}},"8":{"start":{"line":13,"column":21},"end":{"line":13,"column":36}},"9":{"start":{"line":16,"column":2},"end":{"line":18,"column":3}},"10":{"start":{"line":17,"column":4},"end":{"line":17,"column":17}},"11":{"start":{"line":20,"column":2},"end":{"line":22,"column":3}},"12":{"start":{"line":21,"column":4},"end":{"line":21,"column":17}},"13":{"start":{"line":24,"column":2},"end":{"line":29,"column":3}},"14":{"start":{"line":25,"column":19},"end":{"line":25,"column":33}},"15":{"start":{"line":26,"column":4},"end":{"line":26,"column":103}},"16":{"start":{"line":28,"column":4},"end":{"line":28,"column":17}},"17":{"start":{"line":33,"column":2},"end":{"line":33,"column":81}},"18":{"start":{"line":37,"column":2},"end":{"line":42,"column":4}},"19":{"start":{"line":46,"column":2},"end":{"line":46,"column":31}},"20":{"start":{"line":46,"column":18},"end":{"line":46,"column":31}},"21":{"start":{"line":47,"column":2},"end":{"line":47,"column":42}},"22":{"start":{"line":70,"column":2},"end":{"line":72,"column":3}},"23":{"start":{"line":71,"column":4},"end":{"line":71,"column":66}},"24":{"start":{"line":74,"column":2},"end":{"line":83,"column":3}},"25":{"start":{"line":75,"column":4},"end":{"line":79,"column":5}},"26":{"start":{"line":76,"column":6},"end":{"line":78,"column":8}},"27":{"start":{"line":80,"column":4},"end":{"line":82,"column":5}},"28":{"start":{"line":81,"column":6},"end":{"line":81,"column":84}},"29":{"start":{"line":85,"column":2},"end":{"line":93,"column":3}},"30":{"start":{"line":86,"column":19},"end":{"line":86,"column":46}},"31":{"start":{"line":87,"column":4},"end":{"line":89,"column":5}},"32":{"start":{"line":88,"column":6},"end":{"line":88,"column":83}},"33":{"start":{"line":90,"column":4},"end":{"line":92,"column":5}},"34":{"start":{"line":91,"column":6},"end":{"line":91,"column":68}},"35":{"start":{"line":95,"column":2},"end":{"line":95,"column":61}},"36":{"start":{"line":99,"column":2},"end":{"line":101,"column":3}},"37":{"start":{"line":100,"column":4},"end":{"line":100,"column":41}},"38":{"start":{"line":103,"column":17},"end":{"line":103,"column":45}},"39":{"start":{"line":104,"column":2},"end":{"line":106,"column":3}},"40":{"start":{"line":105,"column":4},"end":{"line":105,"column":41}},"41":{"start":{"line":108,"column":2},"end":{"line":110,"column":3}},"42":{"start":{"line":109,"column":4},"end":{"line":109,"column":50}},"43":{"start":{"line":112,"column":2},"end":{"line":112,"column":26}},"44":{"start":{"line":114,"column":2},"end":{"line":114,"column":45}},"45":{"start":{"line":118,"column":2},"end":{"line":120,"column":3}},"46":{"start":{"line":119,"column":4},"end":{"line":119,"column":41}},"47":{"start":{"line":122,"column":17},"end":{"line":122,"column":43}},"48":{"start":{"line":123,"column":2},"end":{"line":125,"column":3}},"49":{"start":{"line":124,"column":4},"end":{"line":124,"column":41}},"50":{"start":{"line":127,"column":2},"end":{"line":133,"column":4}}},"fnMap":{"0":{"name":"isValidHttpUrl","decl":{"start":{"line":15,"column":9},"end":{"line":15,"column":23}},"loc":{"start":{"line":15,"column":37},"end":{"line":30,"column":1}}},"1":{"name":"isValidId","decl":{"start":{"line":32,"column":9},"end":{"line":32,"column":18}},"loc":{"start":{"line":32,"column":32},"end":{"line":34,"column":1}}},"2":{"name":"isValidSlug","decl":{"start":{"line":36,"column":9},"end":{"line":36,"column":20}},"loc":{"start":{"line":36,"column":34},"end":{"line":43,"column":1}}},"3":{"name":"isExpired","decl":{"start":{"line":45,"column":9},"end":{"line":45,"column":18}},"loc":{"start":{"line":45,"column":43},"end":{"line":48,"column":1}}},"4":{"name":"shortenUrl","decl":{"start":{"line":69,"column":16},"end":{"line":69,"column":26}},"loc":{"start":{"line":69,"column":93},"end":{"line":96,"column":1}}},"5":{"name":"redirectUrl","decl":{"start":{"line":98,"column":16},"end":{"line":98,"column":27}},"loc":{"start":{"line":98,"column":38},"end":{"line":115,"column":1}}},"6":{"name":"getAnalytics","decl":{"start":{"line":117,"column":16},"end":{"line":117,"column":28}},"loc":{"start":{"line":117,"column":39},"end":{"line":134,"column":1}}}},"branchMap":{"0":{"loc":{"start":{"line":16,"column":2},"end":{"line":18,"column":3}},"type":"if","locations":[{"start":{"line":16,"column":2},"end":{"line":18,"column":3}},{"start":{},"end":{}}]},"1":{"loc":{"start":{"line":16,"column":6},"end":{"line":16,"column":60}},"type":"binary-expr","locations":[{"start":{"line":16,"column":6},"end":{"line":16,"column":31}},{"start":{"line":16,"column":35},"end":{"line":16,"column":60}}]},"2":{"loc":{"start":{"line":20,"column":2},"end":{"line":22,"column":3}},"type":"if","locations":[{"start":{"line":20,"column":2},"end":{"line":22,"column":3}},{"start":{},"end":{}}]},"3":{"loc":{"start":{"line":26,"column":11},"end":{"line":26,"column":102}},"type":"binary-expr","locations":[{"start":{"line":26,"column":12},"end":{"line":26,"column":39}},{"start":{"line":26,"column":43},"end":{"line":26,"column":71}},{"start":{"line":26,"column":76},"end":{"line":26,"column":102}}]},"4":{"loc":{"start":{"line":33,"column":9},"end":{"line":33,"column":80}},"type":"binary-expr","locations":[{"start":{"line":33,"column":9},"end":{"line":33,"column":34}},{"start":{"line":33,"column":38},"end":{"line":33,"column":54}},{"start":{"line":33,"column":58},"end":{"line":33,"column":80}}]},"5":{"loc":{"start":{"line":38,"column":4},"end":{"line":41,"column":28}},"type":"binary-expr","locations":[{"start":{"line":38,"column":4},"end":{"line":38,"column":29}},{"start":{"line":39,"column":4},"end":{"line":39,"column":21}},{"start":{"line":40,"column":4},"end":{"line":40,"column":35}},{"start":{"line":41,"column":4},"end":{"line":41,"column":28}}]},"6":{"loc":{"start":{"line":46,"column":2},"end":{"line":46,"column":31}},"type":"if","locations":[{"start":{"line":46,"column":2},"end":{"line":46,"column":31}},{"start":{},"end":{}}]},"7":{"loc":{"start":{"line":69,"column":65},"end":{"line":69,"column":93}},"type":"default-arg","locations":[{"start":{"line":69,"column":91},"end":{"line":69,"column":93}}]},"8":{"loc":{"start":{"line":70,"column":2},"end":{"line":72,"column":3}},"type":"if","locations":[{"start":{"line":70,"column":2},"end":{"line":72,"column":3}},{"start":{},"end":{}}]},"9":{"loc":{"start":{"line":74,"column":2},"end":{"line":83,"column":3}},"type":"if","locations":[{"start":{"line":74,"column":2},"end":{"line":83,"column":3}},{"start":{},"end":{}}]},"10":{"loc":{"start":{"line":75,"column":4},"end":{"line":79,"column":5}},"type":"if","locations":[{"start":{"line":75,"column":4},"end":{"line":79,"column":5}},{"start":{},"end":{}}]},"11":{"loc":{"start":{"line":80,"column":4},"end":{"line":82,"column":5}},"type":"if","locations":[{"start":{"line":80,"column":4},"end":{"line":82,"column":5}},{"start":{},"end":{}}]},"12":{"loc":{"start":{"line":85,"column":2},"end":{"line":93,"column":3}},"type":"if","locations":[{"start":{"line":85,"column":2},"end":{"line":93,"column":3}},{"start":{},"end":{}}]},"13":{"loc":{"start":{"line":87,"column":4},"end":{"line":89,"column":5}},"type":"if","locations":[{"start":{"line":87,"column":4},"end":{"line":89,"column":5}},{"start":{},"end":{}}]},"14":{"loc":{"start":{"line":90,"column":4},"end":{"line":92,"column":5}},"type":"if","locations":[{"start":{"line":90,"column":4},"end":{"line":92,"column":5}},{"start":{},"end":{}}]},"15":{"loc":{"start":{"line":99,"column":2},"end":{"line":101,"column":3}},"type":"if","locations":[{"start":{"line":99,"column":2},"end":{"line":101,"column":3}},{"start":{},"end":{}}]},"16":{"loc":{"start":{"line":104,"column":2},"end":{"line":106,"column":3}},"type":"if","locations":[{"start":{"line":104,"column":2},"end":{"line":106,"column":3}},{"start":{},"end":{}}]},"17":{"loc":{"start":{"line":108,"column":2},"end":{"line":110,"column":3}},"type":"if","locations":[{"start":{"line":108,"column":2},"end":{"line":110,"column":3}},{"start":{},"end":{}}]},"18":{"loc":{"start":{"line":118,"column":2},"end":{"line":120,"column":3}},"type":"if","locations":[{"start":{"line":118,"column":2},"end":{"line":120,"column":3}},{"start":{},"end":{}}]},"19":{"loc":{"start":{"line":123,"column":2},"end":{"line":125,"column":3}},"type":"if","locations":[{"start":{"line":123,"column":2},"end":{"line":125,"column":3}},{"start":{},"end":{}}]}},"s":{"0":1,"1":1,"2":1,"3":1,"4":1,"5":1,"6":1,"7":1,"8":1,"9":38,"10":3,"11":35,"12":2,"13":33,"14":33,"15":31,"16":2,"17":15,"18":10,"19":10,"20":9,"21":1,"22":38,"23":10,"24":28,"25":10,"26":4,"27":6,"28":2,"29":22,"30":7,"31":7,"32":1,"33":6,"34":3,"35":18,"36":11,"37":0,"38":11,"39":11,"40":1,"41":10,"42":1,"43":9,"44":9,"45":4,"46":0,"47":4,"48":4,"49":2,"50":2},"f":{"0":38,"1":15,"2":10,"3":10,"4":38,"5":11,"6":4},"b":{"0":[3,35],"1":[38,37],"2":[2,33],"3":[31,31,28],"4":[15,15,15],"5":[10,10,9,8],"6":[9,1],"7":[0],"8":[10,28],"9":[10,18],"10":[4,6],"11":[2,4],"12":[7,15],"13":[1,6],"14":[3,3],"15":[0,11],"16":[1,10],"17":[1,9],"18":[0,4],"19":[2,2]}}
,"/Users/abhishekkalshetti/ai-assisted-software-engineering/ai-assisted-software-engineering/src/utils/errors.ts": {"path":"/Users/abhishekkalshetti/ai-assisted-software-engineering/ai-assisted-software-engineering/src/utils/errors.ts","statementMap":{"0":{"start":{"line":7,"column":4},"end":{"line":7,"column":19}},"1":{"start":{"line":8,"column":4},"end":{"line":8,"column":27}},"2":{"start":{"line":9,"column":4},"end":{"line":9,"column":33}},"3":{"start":{"line":10,"column":4},"end":{"line":10,"column":21}},"4":{"start":{"line":11,"column":4},"end":{"line":11,"column":27}},"5":{"start":{"line":1,"column":0},"end":{"line":1,"column":13}},"6":{"start":{"line":17,"column":4},"end":{"line":17,"column":53}},"7":{"start":{"line":15,"column":0},"end":{"line":15,"column":13}},"8":{"start":{"line":23,"column":4},"end":{"line":23,"column":37}},"9":{"start":{"line":21,"column":0},"end":{"line":21,"column":13}},"10":{"start":{"line":29,"column":4},"end":{"line":29,"column":32}},"11":{"start":{"line":27,"column":0},"end":{"line":27,"column":13}},"12":{"start":{"line":35,"column":4},"end":{"line":35,"column":36}},"13":{"start":{"line":33,"column":0},"end":{"line":33,"column":13}}},"fnMap":{"0":{"name":"(anonymous_0)","decl":{"start":{"line":6,"column":2},"end":{"line":6,"column":14}},"loc":{"start":{"line":6,"column":98},"end":{"line":12,"column":3}}},"1":{"name":"(anonymous_1)","decl":{"start":{"line":16,"column":2},"end":{"line":16,"column":14}},"loc":{"start":{"line":16,"column":48},"end":{"line":18,"column":3}}},"2":{"name":"(anonymous_2)","decl":{"start":{"line":22,"column":2},"end":{"line":22,"column":14}},"loc":{"start":{"line":22,"column":35},"end":{"line":24,"column":3}}},"3":{"name":"(anonymous_3)","decl":{"start":{"line":28,"column":2},"end":{"line":28,"column":14}},"loc":{"start":{"line":28,"column":48},"end":{"line":30,"column":3}}},"4":{"name":"(anonymous_4)","decl":{"start":{"line":34,"column":2},"end":{"line":34,"column":14}},"loc":{"start":{"line":34,"column":63},"end":{"line":36,"column":3}}}},"branchMap":{"0":{"loc":{"start":{"line":6,"column":31},"end":{"line":6,"column":47}},"type":"default-arg","locations":[{"start":{"line":6,"column":44},"end":{"line":6,"column":47}}]},"1":{"loc":{"start":{"line":6,"column":49},"end":{"line":6,"column":79}},"type":"default-arg","locations":[{"start":{"line":6,"column":56},"end":{"line":6,"column":79}}]},"2":{"loc":{"start":{"line":22,"column":14},"end":{"line":22,"column":35}},"type":"default-arg","locations":[{"start":{"line":22,"column":24},"end":{"line":22,"column":35}}]},"3":{"loc":{"start":{"line":28,"column":14},"end":{"line":28,"column":48}},"type":"default-arg","locations":[{"start":{"line":28,"column":24},"end":{"line":28,"column":48}}]},"4":{"loc":{"start":{"line":34,"column":14},"end":{"line":34,"column":63}},"type":"default-arg","locations":[{"start":{"line":34,"column":24},"end":{"line":34,"column":63}}]}},"s":{"0":24,"1":24,"2":24,"3":24,"4":24,"5":1,"6":18,"7":1,"8":3,"9":1,"10":1,"11":1,"12":2,"13":1},"f":{"0":24,"1":18,"2":3,"3":1,"4":2},"b":{"0":[0],"1":[0],"2":[0],"3":[0],"4":[0]}}
}
