TN:
SF:src/app.ts
FN:32,(anonymous_10)
FN:43,(anonymous_11)
FN:56,(anonymous_12)
FN:60,(anonymous_13)
FN:73,(anonymous_14)
FN:88,(anonymous_15)
FN:93,(anonymous_16)
FNF:7
FNH:6
FNDA:308,(anonymous_10)
FNDA:1,(anonymous_11)
FNDA:4,(anonymous_12)
FNDA:4,(anonymous_13)
FNDA:11,(anonymous_14)
FNDA:0,(anonymous_15)
FNDA:25,(anonymous_16)
DA:1,1
DA:2,1
DA:3,1
DA:4,1
DA:5,1
DA:7,1
DA:8,1
DA:9,1
DA:10,1
DA:11,1
DA:12,1
DA:13,1
DA:14,1
DA:15,1
DA:16,1
DA:18,1
DA:20,1
DA:22,1
DA:23,1
DA:24,1
DA:25,1
DA:26,1
DA:27,1
DA:28,1
DA:29,1
DA:32,1
DA:33,308
DA:34,1
DA:36,307
DA:39,1
DA:40,1
DA:43,1
DA:44,1
DA:45,1
DA:53,1
DA:54,1
DA:56,1
DA:57,4
DA:60,1
DA:61,4
DA:62,4
DA:63,4
DA:64,4
DA:65,4
DA:66,2
DA:68,2
DA:73,1
DA:74,11
DA:75,11
DA:76,11
DA:77,11
DA:78,11
DA:80,9
DA:81,9
DA:83,2
DA:88,1
DA:89,0
DA:93,1
DA:94,25
DA:95,24
DA:96,24
DA:100,1
DA:101,1
DA:104,0
DA:105,0
DA:108,1
LF:66
LH:63
BRDA:33,0,0,1
BRDA:33,0,1,307
BRDA:33,1,0,308
BRDA:33,1,1,40
BRDA:33,1,2,40
BRDA:64,2,0,0
BRDA:64,2,1,4
BRDA:77,3,0,0
BRDA:77,3,1,11
BRDA:94,4,0,24
BRDA:94,4,1,1
BRDA:100,5,0,1
BRDA:100,5,1,0
BRDA:100,6,0,1
BRDA:100,6,1,0
BRF:15
BRH:11
end_of_record
TN:
SF:src/config.ts
FN:16,requireInProduction
FN:24,loadConfig
FN:50,(anonymous_11)
FN:52,(anonymous_12)
FN:60,(anonymous_13)
FNF:5
FNH:2
FNDA:1,requireInProduction
FNDA:1,loadConfig
FNDA:0,(anonymous_11)
FNDA:0,(anonymous_12)
FNDA:0,(anonymous_13)
DA:1,1
DA:17,1
DA:18,0
DA:19,0
DA:21,1
DA:25,1
DA:26,1
DA:27,1
DA:29,1
DA:30,0
DA:31,0
DA:34,1
DA:35,1
DA:38,1
DA:40,1
DA:41,1
DA:43,1
DA:44,1
DA:48,1
DA:49,1
DA:50,0
DA:51,1
DA:52,0
DA:56,1
DA:59,1
DA:60,1
DA:62,1
DA:76,1
LF:28
LH:22
BRDA:17,0,0,0
BRDA:17,0,1,1
BRDA:17,1,0,1
BRDA:17,1,1,0
BRDA:21,2,0,1
BRDA:21,2,1,1
BRDA:25,3,0,1
BRDA:25,3,1,0
BRDA:27,4,0,1
BRDA:27,4,1,1
BRDA:29,5,0,0
BRDA:29,5,1,1
BRDA:29,6,0,1
BRDA:29,6,1,1
BRDA:29,6,2,1
BRDA:35,7,0,1
BRDA:35,7,1,1
BRDA:41,8,0,1
BRDA:41,8,1,1
BRDA:43,9,0,1
BRDA:43,9,1,1
BRDA:44,10,0,1
BRDA:44,10,1,1
BRDA:49,11,0,0
BRDA:49,11,1,1
BRDA:49,12,0,1
BRDA:49,12,1,0
BRDA:51,13,0,0
BRDA:51,13,1,1
BRDA:51,14,0,1
BRDA:51,14,1,1
BRDA:60,15,0,0
BRDA:60,15,1,1
BRF:33
BRH:25
end_of_record
TN:
SF:src/database/db.ts
FN:33,(anonymous_10)
FN:41,generateId
FN:53,slugExists
FN:58,createShortUrlRecord
FN:81,(anonymous_14)
FN:96,getOriginalUrlRecordById
FN:108,incrementClickCount
FN:112,getAnalyticsRecordById
FN:137,(anonymous_18)
FN:141,(anonymous_19)
FNF:10
FNH:8
FNDA:5,(anonymous_10)
FNDA:14,generateId
FNDA:6,slugExists
FNDA:18,createShortUrlRecord
FNDA:14,(anonymous_14)
FNDA:11,getOriginalUrlRecordById
FNDA:9,incrementClickCount
FNDA:5,getAnalyticsRecordById
FNDA:0,(anonymous_18)
FNDA:0,(anonymous_19)
DA:1,1
DA:2,1
DA:3,1
DA:4,1
DA:6,1
DA:8,1
DA:10,1
DA:13,1
DA:14,1
DA:15,1
DA:16,1
DA:17,1
DA:18,1
DA:21,1
DA:33,5
DA:34,1
DA:35,0
DA:39,1
DA:42,14
DA:53,1
DA:54,6
DA:55,6
DA:58,1
DA:63,18
DA:65,18
DA:67,4
DA:70,4
DA:71,4
DA:75,14
DA:76,14
DA:77,14
DA:78,14
DA:81,14
DA:82,14
DA:84,14
DA:85,14
DA:87,0
DA:88,0
DA:89,0
DA:91,0
DA:96,1
DA:97,11
DA:101,11
DA:102,1
DA:105,10
DA:108,1
DA:109,9
DA:112,1
DA:113,5
DA:123,5
DA:124,2
DA:127,3
DA:136,1
DA:137,1
DA:138,0
DA:139,0
DA:141,1
DA:146,0
LF:58
LH:50
BRDA:34,0,0,0
BRDA:34,0,1,1
BRDA:61,1,0,0
BRDA:63,2,0,18
BRDA:63,2,1,14
BRDA:65,3,0,4
BRDA:65,3,1,14
BRDA:70,4,0,4
BRDA:70,4,1,3
BRDA:71,5,0,4
BRDA:71,5,1,3
BRDA:82,6,0,14
BRDA:82,6,1,12
BRDA:85,7,0,14
BRDA:85,7,1,12
BRDA:87,8,0,0
BRDA:87,8,1,0
BRDA:87,9,0,0
BRDA:87,9,1,0
BRDA:101,10,0,1
BRDA:101,10,1,10
BRDA:105,11,0,10
BRDA:105,11,1,9
BRDA:123,12,0,2
BRDA:123,12,1,3
BRDA:132,13,0,3
BRDA:132,13,1,3
BRF:27
BRH:21
end_of_record
TN:
SF:src/middleware/apiKeyAuth.ts
FN:19,apiKeyAuth
FNF:1
FNH:1
FNDA:308,apiKeyAuth
DA:2,1
DA:14,1
DA:19,1
DA:21,308
DA:22,308
DA:26,0
DA:27,0
DA:31,0
DA:32,0
DA:35,0
DA:37,0
DA:38,0
DA:39,0
DA:43,0
DA:44,0
DA:46,0
DA:49,0
DA:50,0
DA:51,0
DA:54,0
DA:55,0
LF:21
LH:5
BRDA:21,0,0,308
BRDA:21,0,1,0
BRDA:26,1,0,0
BRDA:26,1,1,0
BRDA:31,2,0,0
BRDA:31,2,1,0
BRDA:31,3,0,0
BRDA:31,3,1,0
BRDA:37,4,0,0
BRDA:37,4,1,0
BRDA:44,5,0,0
BRDA:44,5,1,0
BRDA:44,6,0,0
BRDA:44,6,1,0
BRDA:49,7,0,0
BRDA:49,7,1,0
BRF:16
BRH:1
end_of_record
TN:
SF:src/middleware/rateLimiter.ts
FN:6,rateLimiter
FN:28,resetRateLimiter
FNF:2
FNH:2
FNDA:330,rateLimiter
FNDA:54,resetRateLimiter
DA:2,1
DA:4,1
DA:6,1
DA:7,330
DA:8,330
DA:9,330
DA:10,330
DA:12,330
DA:13,53
DA:14,53
DA:15,53
DA:18,277
DA:19,22
DA:20,22
DA:21,22
DA:24,255
DA:25,255
DA:28,1
DA:29,54
LF:19
LH:19
BRDA:8,0,0,330
BRDA:8,0,1,0
BRDA:12,1,0,53
BRDA:12,1,1,277
BRDA:12,2,0,330
BRDA:12,2,1,277
BRDA:18,3,0,22
BRDA:18,3,1,255
BRF:8
BRH:7
end_of_record
TN:
SF:src/middleware/requestId.ts
FN:4,requestIdMiddleware
FNF:1
FNH:1
FNDA:330,requestIdMiddleware
DA:2,1
DA:4,1
DA:5,330
DA:6,330
DA:7,330
DA:8,330
LF:6
LH:6
BRDA:5,0,0,330
BRDA:5,0,1,329
BRF:2
BRH:2
end_of_record
TN:
SF:src/middleware/requestLogger.ts
FN:4,requestLogger
FN:7,(anonymous_1)
FNF:2
FNH:2
FNDA:308,requestLogger
FNDA:308,(anonymous_1)
DA:2,1
DA:4,1
DA:5,308
DA:7,308
DA:8,308
DA:9,308
DA:11,308
DA:13,0
DA:25,308
DA:29,308
LF:10
LH:9
BRDA:11,0,0,0
BRDA:11,0,1,308
BRDA:14,1,0,0
BRDA:14,1,1,0
BRDA:14,2,0,0
BRDA:14,2,1,0
BRF:6
BRH:1
end_of_record
TN:
SF:src/routes/health.ts
FN:6,(anonymous_0)
FNF:1
FNH:1
FNDA:248,(anonymous_0)
DA:1,1
DA:2,1
DA:4,1
DA:6,1
DA:7,248
DA:8,248
DA:9,248
DA:17,1
LF:8
LH:8
BRF:0
BRH:0
end_of_record
TN:
SF:src/routes/shorten.ts
FN:9,(anonymous_0)
FNF:1
FNH:1
FNDA:38,(anonymous_0)
DA:1,1
DA:3,1
DA:4,1
DA:5,1
DA:7,1
DA:9,1
DA:10,38
DA:11,38
DA:12,38
DA:13,38
DA:14,0
DA:16,38
DA:17,38
DA:19,18
DA:21,20
DA:25,1
LF:16
LH:15
BRDA:13,0,0,0
BRDA:13,0,1,38
BRDA:13,1,0,38
BRDA:13,1,1,38
BRDA:17,2,0,38
BRDA:17,2,1,2
BRF:6
BRH:5
end_of_record
TN:
SF:src/services/metricsService.ts
FN:19,(anonymous_0)
FN:23,(anonymous_1)
FN:27,(anonymous_2)
FN:31,(anonymous_3)
FN:35,(anonymous_4)
FN:39,(anonymous_5)
FN:43,(anonymous_6)
FNF:7
FNH:7
FNDA:302,(anonymous_0)
FNDA:248,(anonymous_1)
FNDA:38,(anonymous_2)
FNDA:11,(anonymous_3)
FNDA:4,(anonymous_4)
FNDA:248,(anonymous_5)
FNDA:4,(anonymous_6)
DA:12,1
DA:13,1
DA:14,1
DA:15,1
DA:16,1
DA:17,1
DA:20,302
DA:24,248
DA:28,38
DA:32,11
DA:36,4
DA:40,248
DA:44,4
DA:56,1
LF:14
LH:14
BRF:0
BRH:0
end_of_record
TN:
SF:src/services/urlService.ts
FN:15,isValidHttpUrl
FN:32,isValidId
FN:36,isValidSlug
FN:45,isExpired
FN:69,shortenUrl
FN:98,redirectUrl
FN:117,getAnalytics
FNF:7
FNH:7
FNDA:38,isValidHttpUrl
FNDA:15,isValidId
FNDA:10,isValidSlug
FNDA:10,isExpired
FNDA:38,shortenUrl
FNDA:11,redirectUrl
FNDA:4,getAnalytics
DA:1,1
DA:8,1
DA:10,1
DA:11,1
DA:12,1
DA:13,1
DA:16,38
DA:17,3
DA:20,35
DA:21,2
DA:24,33
DA:25,33
DA:26,31
DA:28,2
DA:33,15
DA:37,10
DA:46,10
DA:47,1
DA:69,1
DA:70,38
DA:71,10
DA:74,28
DA:75,10
DA:76,4
DA:80,6
DA:81,2
DA:85,22
DA:86,7
DA:87,7
DA:88,1
DA:90,6
DA:91,3
DA:95,18
DA:98,1
DA:99,11
DA:100,0
DA:103,11
DA:104,11
DA:105,1
DA:108,10
DA:109,1
DA:112,9
DA:114,9
DA:117,1
DA:118,4
DA:119,0
DA:122,4
DA:123,4
DA:124,2
DA:127,2
LF:50
LH:48
BRDA:16,0,0,3
BRDA:16,0,1,35
BRDA:16,1,0,38
BRDA:16,1,1,37
BRDA:20,2,0,2
BRDA:20,2,1,33
BRDA:26,3,0,31
BRDA:26,3,1,31
BRDA:26,3,2,28
BRDA:33,4,0,15
BRDA:33,4,1,15
BRDA:33,4,2,15
BRDA:38,5,0,10
BRDA:38,5,1,10
BRDA:38,5,2,9
BRDA:38,5,3,8
BRDA:46,6,0,9
BRDA:46,6,1,1
BRDA:69,7,0,0
BRDA:70,8,0,10
BRDA:70,8,1,28
BRDA:74,9,0,10
BRDA:74,9,1,18
BRDA:75,10,0,4
BRDA:75,10,1,6
BRDA:80,11,0,2
BRDA:80,11,1,4
BRDA:85,12,0,7
BRDA:85,12,1,15
BRDA:87,13,0,1
BRDA:87,13,1,6
BRDA:90,14,0,3
BRDA:90,14,1,3
BRDA:99,15,0,0
BRDA:99,15,1,11
BRDA:104,16,0,1
BRDA:104,16,1,10
BRDA:108,17,0,1
BRDA:108,17,1,9
BRDA:118,18,0,0
BRDA:118,18,1,4
BRDA:123,19,0,2
BRDA:123,19,1,2
BRF:43
BRH:40
end_of_record
TN:
SF:src/utils/errors.ts
FN:6,(anonymous_0)
FN:16,(anonymous_1)
FN:22,(anonymous_2)
FN:28,(anonymous_3)
FN:34,(anonymous_4)
FNF:5
FNH:5
FNDA:24,(anonymous_0)
FNDA:18,(anonymous_1)
FNDA:3,(anonymous_2)
FNDA:1,(anonymous_3)
FNDA:2,(anonymous_4)
DA:1,1
DA:7,24
DA:8,24
DA:9,24
DA:10,24
DA:11,24
DA:15,1
DA:17,18
DA:21,1
DA:23,3
DA:27,1
DA:29,1
DA:33,1
DA:35,2
LF:14
LH:14
BRDA:6,0,0,0
BRDA:6,1,0,0
BRDA:22,2,0,0
BRDA:28,3,0,0
BRDA:34,4,0,0
BRF:5
BRH:0
end_of_record
